cargo :    Compiling genzo-kit v1.0.0 
(D:\learn\genzo-kit\src-tauri)
At line:1 char:1
+ cargo build > build.log 2>&1
+ ~~~~~~~~~~~~~~~~~~~~~~~~~~~~
    + CategoryInfo          : NotSpecified: (   Compili 
   ng ge...-kit\src-tauri):String) [], RemoteException
    + FullyQualifiedErrorId : NativeCommandError
 
error: OUT_DIR env var is not set, do you have a build 
script?
  --> src\lib.rs:13:14
   |
13 |         .run(tauri::generate_context!())
   |              ^^^^^^^^^^^^^^^^^^^^^^^^^^
   |
   = note: this error originates in the macro 
`tauri::generate_context` (in Nightly builds, run with 
-Z macro-backtrace for more info)

warning: unexpected `cfg` condition name: `mobile`
 --> src\lib.rs:6:12
  |
6 | #[cfg_attr(mobile, tauri::mobile_entry_point)]
  |            ^^^^^^
  |
  = help: expected names are: `docsrs`, `feature`, and 
`test` and 31 more
  = help: consider using a Cargo feature instead
  = help: or consider adding in `Cargo.toml` the 
`check-cfg` lint config for the lint:
           [lints.rust]
           unexpected_cfgs = { level = "warn", 
check-cfg = ['cfg(mobile)'] }
  = help: or consider adding 
`println!("cargo::rustc-check-cfg=cfg(mobile)");` to 
the top of the `build.rs`
  = note: see <https://doc.rust-lang.org/nightly/rustc/c
heck-cfg/cargo-specifics.html> for more information 
about checking conditional configuration
  = note: `#[warn(unexpected_cfgs)]` on by default

warning: `genzo-kit` (lib) generated 1 warning
error: could not compile `genzo-kit` (lib) due to 1 
previous error; 1 warning emitted
