锘縩px :         Info Looking up installed tauri packages 
to check mismatched versions...
At line:1 char:1
+ npx tauri build --target x86_64-pc-windows-msvc > 
build.log 2>&1; Get ...
+ ~~~~~~~~~~~~~~~~~~~~~~~~~~~~~~~~~~~~~~~~~~~~~~~~~~~~~~
~~~~~~~~~~
    + CategoryInfo          : NotSpecified: (        In 
   fo Lo...hed versions...:String) [], RemoteException
    + FullyQualifiedErrorId : NativeCommandError
 
        Warn The bundle identifier "com.genzokit.app" 
set in `"tauri.conf.json" identifier` ends with `.app`. 
This is not recommended because it conflicts with the 
application bundle extension on macOS.
     Running beforeBuildCommand `npm run build`

> genzo-kit@1.0.0 build
> tsc && vite build

[33mThe CJS build of Vite's Node API is deprecated. 
See https://vite.dev/guide/troubleshooting.html#vite-cjs
-node-api-deprecated for more details.[39m
[36mvite v5.4.21 [32mbuilding for production...[36m[39m
transforming...
[32m螕拢么[39m 1412 modules transformed.
rendering chunks...
computing gzip size...
[2mdist/[22m[32mindex.html                 [39m[1m[2m  0.44 kB[22m[1m[22m[2m 螕枚茅 gzip:  0.31 kB[22m
[2mdist/[22m[35massets/index-lIHM7aPi.css  [39m[1m[2m 12.10 kB[22m[1m[22m[2m 螕枚茅 gzip:  3.24 kB[22m
[2mdist/[22m[36massets/index-CRAqrbFk.js   [39m[1m[2m193.61 kB[22m[1m[22m[2m 螕枚茅 gzip: 60.48 kB[22m
[32m螕拢么 built in 2.90s[39m
   Compiling genzo-kit v1.0.0 
(D:\learn\genzo-kit\src-tauri)
error: failed to run custom build command for 
`genzo-kit v1.0.0 (D:\learn\genzo-kit\src-tauri)`

Caused by:
  process didn't exit successfully: `D:\learn\genzo-kit\
src-tauri\target\release\build\genzo-kit-394254b4ca3a6e4
c\build-script-build` (exit code: 1)
  --- stdout
  cargo:rerun-if-env-changed=TAURI_CONFIG
  cargo:rustc-check-cfg=cfg(desktop)
  cargo:rustc-cfg=desktop
  cargo:rustc-check-cfg=cfg(mobile)
  cargo:rerun-if-changed=D:\learn\genzo-kit\src-tauri\ta
uri.conf.json
  
cargo:rustc-env=TAURI_ANDROID_PACKAGE_NAME_APP_NAME=app
  cargo:rustc-env=TAURI_ANDROID_PACKAGE_NAME_PREFIX=com_
genzokit
  cargo:rustc-check-cfg=cfg(dev)
  cargo:PERMISSION_FILES_PATH=D:\learn\genzo-kit\src-tau
ri\target\x86_64-pc-windows-msvc\release\build\genzo-kit
-411a62bfe0632812\out\app-manifest\__app__-permission-fi
les
  cargo:rerun-if-changed=capabilities
  cargo:rerun-if-env-changed=REMOVE_UNUSED_COMMANDS
  cargo:rustc-env=TAURI_ENV_TARGET_TRIPLE=x86_64-pc-wind
ows-msvc
  package.metadata does not exist
  `icons/icon.ico` not found; required for generating a 
Windows Resource file during tauri-build
failed to build app: failed to build app
       Error failed to build app: failed to build app
